[INFO] Scanning for projects...
[INFO]                                                                         
[INFO] ------------------------------------------------------------------------
[INFO] Building FP 0.0.1-SNAPSHOT
[INFO] ------------------------------------------------------------------------
[INFO] 
[INFO] --- maven-resources-plugin:2.6:resources (default-resources) @ Framework ---
[INFO] Using 'UTF-8' encoding to copy filtered resources.
[INFO] skip non existing resourceDirectory C:\Foodpanda\src\main\resources
[INFO] 
[INFO] --- maven-compiler-plugin:3.1:compile (default-compile) @ Framework ---
[INFO] No sources to compile
[INFO] 
[INFO] --- maven-resources-plugin:2.6:testResources (default-testResources) @ Framework ---
[INFO] Using 'UTF-8' encoding to copy filtered resources.
[INFO] skip non existing resourceDirectory C:\Foodpanda\src\test\resources
[INFO] 
[INFO] --- maven-compiler-plugin:3.1:testCompile (default-testCompile) @ Framework ---
[INFO] No sources to compile
[INFO] 
[INFO] --- maven-surefire-plugin:2.14.1:test (default-test) @ Framework ---
[INFO] No tests to run.
[INFO] Surefire report directory: C:\Foodpanda\target\surefire-reports

-------------------------------------------------------
 T E S T S
-------------------------------------------------------
Running TestSuite

Results :

Tests run: 0, Failures: 0, Errors: 0, Skipped: 0

[INFO] ------------------------------------------------------------------------
[INFO] BUILD FAILURE
[INFO] ------------------------------------------------------------------------
[INFO] Total time: 3.977 s
[INFO] Finished at: 2016-12-30T14:58:15+05:30
[INFO] Final Memory: 10M/155M
[INFO] ------------------------------------------------------------------------
[ERROR] Failed to execute goal org.apache.maven.plugins:maven-surefire-plugin:2.14.1:test (default-test) on project Framework: Execution default-test of goal org.apache.maven.plugins:maven-surefire-plugin:2.14.1:test failed: There was an error in the forked process
[ERROR] org.testng.TestNGException:
[ERROR] Cannot find class in classpath: com.test.FP.TestRun
[ERROR] at org.testng.xml.XmlClass.loadClass(XmlClass.java:81)
[ERROR] at org.testng.xml.XmlClass.init(XmlClass.java:73)
[ERROR] at org.testng.xml.XmlClass.<init>(XmlClass.java:59)
[ERROR] at org.testng.xml.TestNGContentHandler.startElement(TestNGContentHandler.java:544)
[ERROR] at com.sun.org.apache.xerces.internal.parsers.AbstractSAXParser.startElement(AbstractSAXParser.java:509)
[ERROR] at com.sun.org.apache.xerces.internal.parsers.AbstractXMLDocumentParser.emptyElement(AbstractXMLDocumentParser.java:182)
[ERROR] at com.sun.org.apache.xerces.internal.impl.dtd.XMLDTDValidator.emptyElement(XMLDTDValidator.java:766)
[ERROR] at com.sun.org.apache.xerces.internal.impl.XMLDocumentFragmentScannerImpl.scanStartElement(XMLDocumentFragmentScannerImpl.java:1344)
[ERROR] at com.sun.org.apache.xerces.internal.impl.XMLDocumentFragmentScannerImpl$FragmentContentDriver.next(XMLDocumentFragmentScannerImpl.java:2787)
[ERROR] at com.sun.org.apache.xerces.internal.impl.XMLDocumentScannerImpl.next(XMLDocumentScannerImpl.java:606)
[ERROR] at com.sun.org.apache.xerces.internal.impl.XMLDocumentFragmentScannerImpl.scanDocument(XMLDocumentFragmentScannerImpl.java:510)
[ERROR] at com.sun.org.apache.xerces.internal.parsers.XML11Configuration.parse(XML11Configuration.java:848)
[ERROR] at com.sun.org.apache.xerces.internal.parsers.XML11Configuration.parse(XML11Configuration.java:777)
[ERROR] at com.sun.org.apache.xerces.internal.parsers.XMLParser.parse(XMLParser.java:141)
[ERROR] at com.sun.org.apache.xerces.internal.parsers.AbstractSAXParser.parse(AbstractSAXParser.java:1213)
[ERROR] at com.sun.org.apache.xerces.internal.jaxp.SAXParserImpl$JAXPSAXParser.parse(SAXParserImpl.java:643)
[ERROR] at com.sun.org.apache.xerces.internal.jaxp.SAXParserImpl.parse(SAXParserImpl.java:327)
[ERROR] at javax.xml.parsers.SAXParser.parse(SAXParser.java:195)
[ERROR] at org.testng.xml.XMLParser.parse(XMLParser.java:39)
[ERROR] at org.testng.xml.SuiteXmlParser.parse(SuiteXmlParser.java:17)
[ERROR] at org.testng.xml.SuiteXmlParser.parse(SuiteXmlParser.java:10)
[ERROR] at org.testng.xml.Parser.parse(Parser.java:168)
[ERROR] at org.testng.TestNG.initializeSuitesAndJarFile(TestNG.java:311)
[ERROR] at org.testng.TestNG.run(TestNG.java:1030)
[ERROR] at org.apache.maven.surefire.testng.TestNGExecutor.run(TestNGExecutor.java:178)
[ERROR] at org.apache.maven.surefire.testng.TestNGXmlTestSuite.execute(TestNGXmlTestSuite.java:92)
[ERROR] at org.apache.maven.surefire.testng.TestNGProvider.invoke(TestNGProvider.java:96)
[ERROR] at sun.reflect.NativeMethodAccessorImpl.invoke0(Native Method)
[ERROR] at sun.reflect.NativeMethodAccessorImpl.invoke(NativeMethodAccessorImpl.java:62)
[ERROR] at sun.reflect.DelegatingMethodAccessorImpl.invoke(DelegatingMethodAccessorImpl.java:43)
[ERROR] at java.lang.reflect.Method.invoke(Method.java:498)
[ERROR] at org.apache.maven.surefire.util.ReflectionUtils.invokeMethodWithArray2(ReflectionUtils.java:208)
[ERROR] at org.apache.maven.surefire.booter.ProviderFactory$ProviderProxy.invoke(ProviderFactory.java:159)
[ERROR] at org.apache.maven.surefire.booter.ProviderFactory.invokeProvider(ProviderFactory.java:87)
[ERROR] at org.apache.maven.surefire.booter.ForkedBooter.runSuitesInProcess(ForkedBooter.java:153)
[ERROR] at org.apache.maven.surefire.booter.ForkedBooter.main(ForkedBooter.java:95)
[ERROR] -> [Help 1]
[ERROR] 
[ERROR] To see the full stack trace of the errors, re-run Maven with the -e switch.
[ERROR] Re-run Maven using the -X switch to enable full debug logging.
[ERROR] 
[ERROR] For more information about the errors and possible solutions, please read the following articles:
[ERROR] [Help 1] http://cwiki.apache.org/confluence/display/MAVEN/PluginExecutionException
